<?xml version="1.0" encoding="UTF-8"?>
<!-- Generated by org.testng.reporters.JUnitXMLReporter -->
<testsuite ignored="7" hostname="nbex9ax4f" failures="0" tests="9" name="Casos de prueba" time="151.608" errors="0" timestamp="27 jul. 2022 15:51:23 GMT">
  <testcase classname="Tests.Tests" name="CP001_Login_Exitoso" time="8.248"/>
  <testcase classname="Tests.Tests2" name="CP001_Login_Exitoso" time="7.361"/>
  <testcase classname="Tests.Tests2" name="CP002_Cambiar_Contrasena" time="7.968"/>
  <testcase classname="Tests.Tests2" name="CP003_Cambiar_Idioma_Pagina" time="1.174"/>
  <testcase classname="Tests.Tests2" name="CP004_Contactanos" time="14.861"/>
  <testcase classname="Tests.Tests2" name="CP005_Login_Fallido" time="5.201"/>
  <testcase classname="Tests.Tests2" name="CP006_Guia_Inicio" time="7.263"/>
  <testcase classname="Tests.Tests2" name="CP007_Crear_App" time="31.159"/>
  <testcase classname="Tests.Tests2" name="CP008_Borrar_App" time="31.008"/>
  <testcase classname="Tests.Tests" name="CP002_Cambiar_Contrasena" time="0.0">
    <ignored/>
  </testcase> <!-- CP002_Cambiar_Contrasena -->
  <testcase classname="Tests.Tests" name="CP004_Contactanos" time="0.0">
    <ignored/>
  </testcase> <!-- CP004_Contactanos -->
  <testcase classname="Tests.Tests" name="CP007_Crear_App" time="0.0">
    <ignored/>
  </testcase> <!-- CP007_Crear_App -->
  <testcase classname="Tests.Tests" name="CP009_Borrar_App" time="0.0">
    <ignored/>
  </testcase> <!-- CP009_Borrar_App -->
  <testcase classname="Tests.Tests" name="CP006_Guia_Inicio" time="0.0">
    <ignored/>
  </testcase> <!-- CP006_Guia_Inicio -->
  <testcase classname="Tests.Tests" name="CP005_Login_Fallido" time="0.0">
    <ignored/>
  </testcase> <!-- CP005_Login_Fallido -->
  <testcase classname="Tests.Tests" name="CP003_Cambiar_Idioma_Pagina" time="0.0">
    <ignored/>
  </testcase> <!-- CP003_Cambiar_Idioma_Pagina -->
</testsuite> <!-- Casos de prueba -->
